
> the-octopus-battle@1.0.0 test
> node src/**/*.spec.js

node:internal/modules/cjs/loader:936
  throw err;
  ^

Error: Cannot find module '/home/johan/code/the-octopus-battle/apps/client/src/**/*.spec.js'
    at Function.Module._resolveFilename (node:internal/modules/cjs/loader:933:15)
    at Function.Module._load (node:internal/modules/cjs/loader:778:27)
    at Function.executeUserEntryPoint [as runMain] (node:internal/modules/run_main:77:12)
    at node:internal/main/run_main_module:17:47 {
  code: 'MODULE_NOT_FOUND',
  requireStack: []
}

Node.js v17.9.1
npm ERR! Lifecycle script `test` failed with error: 
npm ERR! Error: command failed 
npm ERR!   in workspace: the-octopus-battle@1.0.0 
npm ERR!   at location: /home/johan/code/the-octopus-battle/apps/client 
